<?xml version="1.0" encoding="UTF-8"?>
<testsuite xmlns:xsi="http://www.w3.org/2001/XMLSchema-instance" xsi:noNamespaceSchemaLocation="https://maven.apache.org/surefire/maven-surefire-plugin/xsd/surefire-test-report.xsd" name="com.mycompany.app.AppTest" time="0.023" tests="1" errors="0" skipped="0" failures="0">
  <properties>
    <property name="awt.toolkit" value="sun.awt.X11.XToolkit"/>
    <property name="file.encoding.pkg" value="sun.io"/>
    <property name="java.specification.version" value="1.8"/>
    <property name="sun.cpu.isalist" value=""/>
    <property name="sun.jnu.encoding" value="UTF-8"/>
    <property name="java.class.path" value="/home/centos/jenkins/simple_maven/my-app/target/test-classes:/home/centos/jenkins/simple_maven/my-app/target/classes:/home/centos/.m2/repository/junit/junit/4.11/junit-4.11.jar:/home/centos/.m2/repository/org/hamcrest/hamcrest-core/1.3/hamcrest-core-1.3.jar:"/>
    <property name="java.vm.vendor" value="Red Hat, Inc."/>
    <property name="sun.arch.data.model" value="64"/>
    <property name="java.vendor.url" value="https://www.redhat.com/"/>
    <property name="user.timezone" value=""/>
    <property name="java.vm.specification.version" value="1.8"/>
    <property name="os.name" value="Linux"/>
    <property name="user.country" value="US"/>
    <property name="sun.java.launcher" value="SUN_STANDARD"/>
    <property name="sun.boot.library.path" value="/usr/lib/jvm/java-1.8.0-openjdk-1.8.0.362.b08-3.el8.ppc64le/jre/lib/ppc64le"/>
    <property name="sun.java.command" value="/home/centos/jenkins/simple_maven/my-app/target/surefire/surefirebooter6733805269584256171.jar /home/centos/jenkins/simple_maven/my-app/target/surefire 2024-04-11T07-19-18_741-jvmRun1 surefire342264877977101773tmp surefire_03852466208896348986tmp"/>
    <property name="surefire.test.class.path" value="/home/centos/jenkins/simple_maven/my-app/target/test-classes:/home/centos/jenkins/simple_maven/my-app/target/classes:/home/centos/.m2/repository/junit/junit/4.11/junit-4.11.jar:/home/centos/.m2/repository/org/hamcrest/hamcrest-core/1.3/hamcrest-core-1.3.jar:"/>
    <property name="sun.cpu.endian" value="little"/>
    <property name="user.home" value="/home/centos"/>
    <property name="user.language" value="en"/>
    <property name="java.specification.vendor" value="Oracle Corporation"/>
    <property name="java.home" value="/usr/lib/jvm/java-1.8.0-openjdk-1.8.0.362.b08-3.el8.ppc64le/jre"/>
    <property name="basedir" value="/home/centos/jenkins/simple_maven/my-app"/>
    <property name="file.separator" value="/"/>
    <property name="line.separator" value="&#10;"/>
    <property name="java.vm.specification.vendor" value="Oracle Corporation"/>
    <property name="java.specification.name" value="Java Platform API Specification"/>
    <property name="java.awt.graphicsenv" value="sun.awt.X11GraphicsEnvironment"/>
    <property name="surefire.real.class.path" value="/home/centos/jenkins/simple_maven/my-app/target/surefire/surefirebooter6733805269584256171.jar"/>
    <property name="sun.boot.class.path" value="/usr/lib/jvm/java-1.8.0-openjdk-1.8.0.362.b08-3.el8.ppc64le/jre/lib/resources.jar:/usr/lib/jvm/java-1.8.0-openjdk-1.8.0.362.b08-3.el8.ppc64le/jre/lib/rt.jar:/usr/lib/jvm/java-1.8.0-openjdk-1.8.0.362.b08-3.el8.ppc64le/jre/lib/sunrsasign.jar:/usr/lib/jvm/java-1.8.0-openjdk-1.8.0.362.b08-3.el8.ppc64le/jre/lib/jsse.jar:/usr/lib/jvm/java-1.8.0-openjdk-1.8.0.362.b08-3.el8.ppc64le/jre/lib/jce.jar:/usr/lib/jvm/java-1.8.0-openjdk-1.8.0.362.b08-3.el8.ppc64le/jre/lib/charsets.jar:/usr/lib/jvm/java-1.8.0-openjdk-1.8.0.362.b08-3.el8.ppc64le/jre/lib/jfr.jar:/usr/lib/jvm/java-1.8.0-openjdk-1.8.0.362.b08-3.el8.ppc64le/jre/classes"/>
    <property name="sun.management.compiler" value="HotSpot 64-Bit Server Compiler"/>
    <property name="java.runtime.version" value="1.8.0_362-b08"/>
    <property name="user.name" value="centos"/>
    <property name="path.separator" value=":"/>
    <property name="os.version" value="4.18.0-548.el8.ppc64le"/>
    <property name="java.endorsed.dirs" value="/usr/lib/jvm/java-1.8.0-openjdk-1.8.0.362.b08-3.el8.ppc64le/jre/lib/endorsed"/>
    <property name="java.runtime.name" value="OpenJDK Runtime Environment"/>
    <property name="file.encoding" value="UTF-8"/>
    <property name="java.vm.name" value="OpenJDK 64-Bit Server VM"/>
    <property name="localRepository" value="/home/centos/.m2/repository"/>
    <property name="java.vendor.url.bug" value="https://bugzilla.redhat.com/enter_bug.cgi?product=Red%20Hat%20Enterprise%20Linux%208&amp;component=java-1.8.0-openjdk"/>
    <property name="java.io.tmpdir" value="/tmp"/>
    <property name="java.version" value="1.8.0_362"/>
    <property name="user.dir" value="/home/centos/jenkins/simple_maven/my-app"/>
    <property name="os.arch" value="ppc64le"/>
    <property name="java.vm.specification.name" value="Java Virtual Machine Specification"/>
    <property name="java.awt.printerjob" value="sun.print.PSPrinterJob"/>
    <property name="sun.os.patch.level" value="unknown"/>
    <property name="java.library.path" value="/usr/java/packages/lib/ppc64le:/usr/lib64:/lib64:/lib:/usr/lib"/>
    <property name="java.vm.info" value="mixed mode"/>
    <property name="java.vendor" value="Red Hat, Inc."/>
    <property name="java.vm.version" value="25.362-b08"/>
    <property name="java.specification.maintenance.version" value="4"/>
    <property name="java.ext.dirs" value="/usr/lib/jvm/java-1.8.0-openjdk-1.8.0.362.b08-3.el8.ppc64le/jre/lib/ext:/usr/java/packages/lib/ext"/>
    <property name="sun.io.unicode.encoding" value="UnicodeLittle"/>
    <property name="java.class.version" value="52.0"/>
  </properties>
  <testcase name="shouldAnswerWithTrue" classname="com.mycompany.app.AppTest" time="0.001"/>
</testsuite>